<?xml version="1.0" encoding="UTF-8"?>
<!-- Generated by org.testng.reporters.JUnitReportReporter -->
<testsuite skipped="0" hostname="lenovo-PC" name="com.selenium.seleniumtest3.test1" tests="1" failures="0" timestamp="13 五月 2018 11:00:56 GMT" time="0.024" errors="0">
  <testcase name="t" time="0.024" classname="com.selenium.seleniumtest3.test1"/>
</testsuite> <!-- com.selenium.seleniumtest3.test1 -->
