<?xml version="1.0" encoding="UTF-8"?>
<!-- Generated by org.testng.reporters.JUnitReportReporter -->
<testsuite skipped="0" hostname="lenovo-PC" name="com.selenium.seleniumtest3.App" tests="1" failures="0" timestamp="09 六月 2018 10:44:59 GMT" time="2.799" errors="0">
  <testcase name="t" time="2.799" classname="com.selenium.seleniumtest3.App"/>
</testsuite> <!-- com.selenium.seleniumtest3.App -->
