<?xml version="1.0" encoding="UTF-8"?>
<!-- Generated by org.testng.reporters.JUnitReportReporter -->
<testsuite skipped="0" hostname="lenovo-PC" name="CheckPageLayout.HomePage_001_CheckUI_Test" tests="1" failures="0" timestamp="09 六月 2018 13:21:28 GMT" time="0.036" errors="0">
  <testcase name="CheckUI" time="0.036" classname="CheckPageLayout.HomePage_001_CheckUI_Test"/>
</testsuite> <!-- CheckPageLayout.HomePage_001_CheckUI_Test -->
