<?xml version="1.0" encoding="UTF-8"?>
<!-- Generated by org.testng.reporters.JUnitReportReporter -->
<testsuite skipped="0" hostname="FATXFW2QCG4KRDD" name="com.selenium.seleniumtest3.chrometest" tests="1" failures="0" timestamp="05 六月 2018 03:47:51 GMT" time="1.034" errors="0">
  <testcase name="run" time="1.034" classname="com.selenium.seleniumtest3.chrometest"/>
</testsuite> <!-- com.selenium.seleniumtest3.chrometest -->
