<?xml version="1.0" encoding="UTF-8"?>
<!-- Generated by org.testng.reporters.JUnitReportReporter -->
<testsuite skipped="0" hostname="lenovo-PC" name="com.selenium.base.Base" tests="1" failures="0" timestamp="09 六月 2018 10:44:59 GMT" time="4.268" errors="0">
  <testcase name="beforeClass" time="4.268" classname="com.selenium.base.Base"/>
</testsuite> <!-- com.selenium.base.Base -->
