<?xml version="1.0" encoding="UTF-8"?>
<!-- Generated by org.testng.reporters.JUnitReportReporter -->
<testsuite skipped="0" hostname="lenovo-PC" name="com.selenium.seleniumtest3.chrometest" tests="1" failures="0" timestamp="04 六月 2018 12:15:13 GMT" time="3.831" errors="0">
  <testcase name="run" time="3.831" classname="com.selenium.seleniumtest3.chrometest"/>
</testsuite> <!-- com.selenium.seleniumtest3.chrometest -->
