<?xml version="1.0" encoding="UTF-8"?>
<!-- Generated by org.testng.reporters.JUnitReportReporter -->
<testsuite skipped="0" hostname="lenovo-PC" name="com.selenium.seleniumtest3.App" tests="1" failures="0" timestamp="20 五月 2018 08:58:00 GMT" time="0.016" errors="0">
  <testcase name="t" time="0.016" classname="com.selenium.seleniumtest3.App"/>
</testsuite> <!-- com.selenium.seleniumtest3.App -->
